[INFO] Scanning for projects...
[INFO] 
[INFO] ----------------------< com.example:UserService >-----------------------
[INFO] Building UserService 0.0.1-SNAPSHOT
[INFO]   from pom.xml
[INFO] --------------------------------[ jar ]---------------------------------
[INFO] 
[INFO] >>> spring-boot:3.1.4:run (default-cli) > test-compile @ UserService >>>
[INFO] 
[INFO] --- resources:3.3.1:resources (default-resources) @ UserService ---
[INFO] Copying 2 resources from src\main\resources to target\classes
[INFO] Copying 0 resource from src\main\resources to target\classes
[INFO] 
[INFO] --- compiler:3.11.0:compile (default-compile) @ UserService ---
[INFO] Changes detected - recompiling the module! :source
[INFO] Compiling 7 source files with javac [debug release 17] to target\classes
[INFO] -------------------------------------------------------------
[ERROR] COMPILATION ERROR : 
[INFO] -------------------------------------------------------------
[ERROR] /C:/Users/lmoph/Desktop/github/pg3402-kandidat-57/UserService/src/main/java/com/example/userservice/service/RabbitMQConsumer.java:[19,62] cannot find symbol
  symbol:   method getRecipeId()
  location: variable favorite of type com.example.userservice.model.Favorite
[ERROR] /C:/Users/lmoph/Desktop/github/pg3402-kandidat-57/UserService/src/main/java/com/example/userservice/controller/UserController.java:[36,98] cannot find symbol
  symbol:   method getUserId()
  location: variable favorite of type com.example.userservice.model.Favorite
[ERROR] /C:/Users/lmoph/Desktop/github/pg3402-kandidat-57/UserService/src/main/java/com/example/userservice/controller/UserController.java:[36,120] cannot find symbol
  symbol:   method getRecipeId()
  location: variable favorite of type com.example.userservice.model.Favorite
[INFO] 3 errors 
[INFO] -------------------------------------------------------------
[INFO] ------------------------------------------------------------------------
[INFO] BUILD FAILURE
[INFO] ------------------------------------------------------------------------
[INFO] Total time:  4.420 s
[INFO] Finished at: 2024-12-03T15:46:44+01:00
[INFO] ------------------------------------------------------------------------
[ERROR] Failed to execute goal org.apache.maven.plugins:maven-compiler-plugin:3.11.0:compile (default-compile) on project UserService: Compilation failure: Compilation failure: 
[ERROR] /C:/Users/lmoph/Desktop/github/pg3402-kandidat-57/UserService/src/main/java/com/example/userservice/service/RabbitMQConsumer.java:[19,62] cannot find symbol
[ERROR]   symbol:   method getRecipeId()
[ERROR]   location: variable favorite of type com.example.userservice.model.Favorite
[ERROR] /C:/Users/lmoph/Desktop/github/pg3402-kandidat-57/UserService/src/main/java/com/example/userservice/controller/UserController.java:[36,98] cannot find symbol
[ERROR]   symbol:   method getUserId()
[ERROR]   location: variable favorite of type com.example.userservice.model.Favorite
[ERROR] /C:/Users/lmoph/Desktop/github/pg3402-kandidat-57/UserService/src/main/java/com/example/userservice/controller/UserController.java:[36,120] cannot find symbol
[ERROR]   symbol:   method getRecipeId()
[ERROR]   location: variable favorite of type com.example.userservice.model.Favorite
[ERROR] -> [Help 1]
[ERROR] 
[ERROR] To see the full stack trace of the errors, re-run Maven with the -e switch.
[ERROR] Re-run Maven using the -X switch to enable full debug logging.
[ERROR] 
[ERROR] For more information about the errors and possible solutions, please read the following articles:
[ERROR] [Help 1] http://cwiki.apache.org/confluence/display/MAVEN/MojoFailureException
